<?xml version="1.0" encoding="UTF-8"?>
<testng-results ignored="0" total="2" passed="2" failed="0" skipped="0">
  <reporter-output>
  </reporter-output>
  <suite started-at="2023-02-02T23:54:05 CET" name="Default suite" finished-at="2023-02-02T23:54:11 CET" duration-ms="6265">
    <groups>
    </groups>
    <test started-at="2023-02-02T23:54:05 CET" name="Default test" finished-at="2023-02-02T23:54:11 CET" duration-ms="6265">
      <class name="com.example.nwtktsapi.e2e.LoginTest">
        <test-method is-config="true" signature="initializeWebDriver()[pri:0, instance:com.example.nwtktsapi.e2e.LoginTest@6fd83fc1]" started-at="2023-02-02T23:54:02 CET" name="initializeWebDriver" finished-at="2023-02-02T23:54:05 CET" duration-ms="3450" status="PASS">
          <reporter-output>
          </reporter-output>
        </test-method> <!-- initializeWebDriver -->
        <test-method signature="shouldFailLogin()[pri:0, instance:com.example.nwtktsapi.e2e.LoginTest@6fd83fc1]" started-at="2023-02-02T23:54:05 CET" name="shouldFailLogin" finished-at="2023-02-02T23:54:08 CET" duration-ms="2984" status="PASS">
          <reporter-output>
          </reporter-output>
        </test-method> <!-- shouldFailLogin -->
        <test-method signature="shouldSucceedLogin()[pri:0, instance:com.example.nwtktsapi.e2e.LoginTest@6fd83fc1]" started-at="2023-02-02T23:54:08 CET" name="shouldSucceedLogin" finished-at="2023-02-02T23:54:11 CET" duration-ms="3205" status="PASS">
          <reporter-output>
          </reporter-output>
        </test-method> <!-- shouldSucceedLogin -->
        <test-method is-config="true" signature="quitDriver()[pri:0, instance:com.example.nwtktsapi.e2e.LoginTest@6fd83fc1]" started-at="2023-02-02T23:54:11 CET" name="quitDriver" finished-at="2023-02-02T23:54:12 CET" duration-ms="476" status="PASS">
          <reporter-output>
          </reporter-output>
        </test-method> <!-- quitDriver -->
      </class> <!-- com.example.nwtktsapi.e2e.LoginTest -->
    </test> <!-- Default test -->
  </suite> <!-- Default suite -->
</testng-results>
